<?xml version="1.0" encoding="UTF-8"?>
<!-- Generated by org.testng.reporters.JUnitReportReporter -->
<testsuite hostname="LAPTOP-IJTKHJ02" failures="0" tests="6" name="runners.TaggedRunner" time="0.251" errors="0" timestamp="2025-01-20T23:19:30 IST" skipped="0">
  <testcase classname="runners.TaggedRunner" name="runScenario" time="0.025"/>
  <system-out/>
  <testcase classname="runners.TaggedRunner" name="runScenario" time="0.157"/>
  <system-out/>
  <testcase classname="runners.TaggedRunner" name="runScenario" time="0.024"/>
  <system-out/>
  <testcase classname="runners.TaggedRunner" name="runScenario" time="0.013"/>
  <system-out/>
  <testcase classname="runners.TaggedRunner" name="runScenario" time="0.021"/>
  <system-out/>
  <testcase classname="runners.TaggedRunner" name="runScenario" time="0.011"/>
  <system-out/>
</testsuite> <!-- runners.TaggedRunner -->
