<?xml version="1.0" encoding="UTF-8"?>
<!-- Generated by org.testng.reporters.JUnitReportReporter -->
<testsuite hostname="LAPTOP-IJTKHJ02" failures="0" tests="6" name="runners.TaggedRunner" time="0.234" errors="0" timestamp="2025-01-20T22:53:46 IST" skipped="0">
  <testcase classname="runners.TaggedRunner" name="runScenario" time="0.135"/>
  <system-out/>
  <testcase classname="runners.TaggedRunner" name="runScenario" time="0.023"/>
  <system-out/>
  <testcase classname="runners.TaggedRunner" name="runScenario" time="0.021"/>
  <system-out/>
  <testcase classname="runners.TaggedRunner" name="runScenario" time="0.016"/>
  <system-out/>
  <testcase classname="runners.TaggedRunner" name="runScenario" time="0.014"/>
  <system-out/>
  <testcase classname="runners.TaggedRunner" name="runScenario" time="0.025"/>
  <system-out/>
</testsuite> <!-- runners.TaggedRunner -->
