<?xml version="1.0" encoding="UTF-8"?>
<!-- Generated by org.testng.reporters.JUnitReportReporter -->
<testsuite hostname="LAPTOP-IJTKHJ02" failures="0" tests="2" name="runners.GooglePageRunner" time="9.162" errors="0" timestamp="2025-01-19T09:03:11 IST" skipped="0">
  <testcase classname="runners.GooglePageRunner" name="runScenario" time="4.533"/>
  <system-out/>
  <testcase classname="runners.GooglePageRunner" name="runScenario" time="4.629"/>
  <system-out/>
</testsuite> <!-- runners.GooglePageRunner -->
